android/build/intermediates/manifest_merge_blame_file/debug/manifest-merger-blame-debug-report.txt
1<?xml version="1.0" encoding="utf-8"?>
2<manifest xmlns:android="http://schemas.android.com/apk/res/android"
3    package="com.huawei.hms.rn.location" >
4
5    <uses-sdk
6        android:minSdkVersion="19"
6-->src/main/AndroidManifest.xml
7        android:targetSdkVersion="29" />
7-->src/main/AndroidManifest.xml
8
9    <uses-permission android:name="android.permission.ACCESS_NETWORK_STATE" />
9-->src/main/AndroidManifest.xml:4:5-79
9-->src/main/AndroidManifest.xml:4:22-76
10
11    <application>
11-->src/main/AndroidManifest.xml:6:5-10:19
12        <service
12-->src/main/AndroidManifest.xml:7:9-9:60
13            android:name="com.huawei.location.service.BackGroundService"
13-->src/main/AndroidManifest.xml:8:17-77
14            android:foregroundServiceType="location" />
14-->src/main/AndroidManifest.xml:9:17-57
15    </application>
16
17</manifest>